android/app/build/intermediates/manifest_merge_blame_file/stagingDebug/manifest-merger-blame-staging-debug-report.txt
1<?xml version="1.0" encoding="utf-8"?>
2<manifest xmlns:android="http://schemas.android.com/apk/res/android"
3    package="com.kottenance.staging"
4    android:versionCode="1"
5    android:versionName="0.0.1" >
6
7    <uses-sdk
8        android:minSdkVersion="21"
9        android:targetSdkVersion="31" />
10
11    <uses-permission android:name="android.permission.SYSTEM_ALERT_WINDOW" />
11-->src\main\AndroidManifest.xml:10:5-77
11-->src\main\AndroidManifest.xml:10:22-75
12    <uses-permission android:name="android.permission.INTERNET" />
12-->src\main\AndroidManifest.xml:4:5-67
12-->src\main\AndroidManifest.xml:4:22-64
13
14    <uses-feature
14-->src\main\AndroidManifest.xml:5:5-85
15        android:name="android.hardware.camera"
15-->src\main\AndroidManifest.xml:5:19-57
16        android:required="false" />
16-->src\main\AndroidManifest.xml:5:58-82
17    <uses-feature
17-->src\main\AndroidManifest.xml:6:5-91
18        android:name="android.hardware.camera.front"
18-->src\main\AndroidManifest.xml:6:19-63
19        android:required="false" />
19-->src\main\AndroidManifest.xml:6:64-88
20
21    <uses-permission android:name="android.permission.READ_CONTACTS" />
21-->src\main\AndroidManifest.xml:7:5-72
21-->src\main\AndroidManifest.xml:7:22-69
22    <uses-permission android:name="android.permission.READ_PROFILE" />
22-->src\main\AndroidManifest.xml:8:5-71
22-->src\main\AndroidManifest.xml:8:22-68
23    <uses-permission android:name="android.permission.WRITE_EXTERNAL_STORAGE" />
23-->src\main\AndroidManifest.xml:9:5-80
23-->src\main\AndroidManifest.xml:9:22-78
24    <uses-permission android:name="android.permission.ACCESS_FINE_LOCATION" />
24-->src\main\AndroidManifest.xml:11:5-79
24-->src\main\AndroidManifest.xml:11:22-76
25    <uses-permission android:name="android.permission.ACCESS_COARSE_LOCATION" />
25-->src\main\AndroidManifest.xml:12:5-80
25-->src\main\AndroidManifest.xml:12:22-78
26    <uses-permission android:name="android.permission.ACCESS_WIFI_STATE" />
26-->[com.facebook.flipper:flipper:0.99.0] AndroidManifest.xml:16:5-76
26-->[com.facebook.flipper:flipper:0.99.0] AndroidManifest.xml:16:22-73
27    <uses-permission android:name="android.permission.ACCESS_NETWORK_STATE" />
27-->[:react-native-community_netinfo] AndroidManifest.xml:9:5-79
27-->[:react-native-community_netinfo] AndroidManifest.xml:9:22-76
28    <uses-permission android:name="android.permission.WAKE_LOCK" />
28-->[:react-native-firebase_messaging] AndroidManifest.xml:10:5-68
28-->[:react-native-firebase_messaging] AndroidManifest.xml:10:22-65
29
30    <queries>
30-->[:react-native-image-crop-picker] AndroidManifest.xml:9:5-13:15
31        <intent>
31-->[:react-native-image-crop-picker] AndroidManifest.xml:10:9-12:18
32            <action android:name="android.media.action.IMAGE_CAPTURE" />
32-->[:react-native-image-crop-picker] AndroidManifest.xml:11:13-73
32-->[:react-native-image-crop-picker] AndroidManifest.xml:11:21-70
33        </intent>
34        <!-- Needs to be explicitly declared on Android R+ -->
35        <package android:name="com.google.android.apps.maps" />
35-->[com.google.android.gms:play-services-maps:18.0.2] AndroidManifest.xml:33:9-64
35-->[com.google.android.gms:play-services-maps:18.0.2] AndroidManifest.xml:33:18-61
36    </queries>
37
38    <uses-permission android:name="android.permission.USE_BIOMETRIC" />
38-->[:react-native-keychain] AndroidManifest.xml:9:5-72
38-->[:react-native-keychain] AndroidManifest.xml:9:22-69
39    <uses-permission android:name="android.permission.USE_FINGERPRINT" />
39-->[:react-native-keychain] AndroidManifest.xml:10:5-74
39-->[:react-native-keychain] AndroidManifest.xml:10:22-71
40    <uses-permission android:name="android.permission.RECEIVE_BOOT_COMPLETED" />
40-->[androidx.work:work-runtime:2.7.1] AndroidManifest.xml:27:5-81
40-->[androidx.work:work-runtime:2.7.1] AndroidManifest.xml:27:22-78
41    <uses-permission android:name="android.permission.FOREGROUND_SERVICE" />
41-->[androidx.work:work-runtime:2.7.1] AndroidManifest.xml:28:5-77
41-->[androidx.work:work-runtime:2.7.1] AndroidManifest.xml:28:22-74
42    <uses-permission android:name="android.permission.POST_NOTIFICATIONS" /> <!-- Required by older versions of Google Play services to create IID tokens -->
42-->[com.google.firebase:firebase-messaging:23.0.6] AndroidManifest.xml:26:5-77
42-->[com.google.firebase:firebase-messaging:23.0.6] AndroidManifest.xml:26:22-74
43    <uses-permission android:name="com.google.android.c2dm.permission.RECEIVE" />
43-->[com.google.firebase:firebase-messaging:23.0.6] AndroidManifest.xml:29:5-82
43-->[com.google.firebase:firebase-messaging:23.0.6] AndroidManifest.xml:29:22-79
44
45    <uses-feature
45-->[com.google.android.gms:play-services-maps:18.0.2] AndroidManifest.xml:26:5-28:35
46        android:glEsVersion="0x00020000"
46-->[com.google.android.gms:play-services-maps:18.0.2] AndroidManifest.xml:27:9-41
47        android:required="true" />
47-->[com.google.android.gms:play-services-maps:18.0.2] AndroidManifest.xml:28:9-32
48
49    <uses-permission android:name="android.permission.VIBRATE" />
49-->[app.notifee:core:202108261754] AndroidManifest.xml:12:5-66
49-->[app.notifee:core:202108261754] AndroidManifest.xml:12:22-63
50    <uses-permission android:name="android.permission.USE_FULL_SCREEN_INTENT" />
50-->[app.notifee:core:202108261754] AndroidManifest.xml:15:5-81
50-->[app.notifee:core:202108261754] AndroidManifest.xml:15:22-78
51    <uses-permission android:name="android.permission.SCHEDULE_EXACT_ALARM" />
51-->[app.notifee:core:202108261754] AndroidManifest.xml:16:5-79
51-->[app.notifee:core:202108261754] AndroidManifest.xml:16:22-76
52    <uses-permission
52-->[app.notifee:core:202108261754] AndroidManifest.xml:17:5-19:38
53        android:name="android.permission.BROADCAST_CLOSE_SYSTEM_DIALOGS"
53-->[app.notifee:core:202108261754] AndroidManifest.xml:18:9-73
54        android:maxSdkVersion="30" /> <!-- For Xiaomi devices to enable heads-up notifications as default (https://github.com/invertase/notifee/issues/296) -->
54-->[app.notifee:core:202108261754] AndroidManifest.xml:19:9-35
55    <uses-permission
55-->[app.notifee:core:202108261754] AndroidManifest.xml:21:5-23:38
56        android:name="android.permission.ACCESS_NOTIFICATION_POLICY"
56-->[app.notifee:core:202108261754] AndroidManifest.xml:22:9-69
57        android:minSdkVersion="23" /> <!-- for android -->
57-->[app.notifee:core:202108261754] AndroidManifest.xml:23:9-35
58    <!-- <uses-permission android:name="com.android.launcher.permission.READ_SETTINGS"/> -->
59    <!-- <uses-permission android:name="com.android.launcher.permission.WRITE_SETTINGS"/> -->
60    <!-- <uses-permission android:name="com.android.launcher.permission.INSTALL_SHORTCUT" /> -->
61    <!-- <uses-permission android:name="com.android.launcher.permission.UNINSTALL_SHORTCUT" /> -->
62    <!-- for Samsung -->
63    <uses-permission android:name="com.sec.android.provider.badge.permission.READ" />
63-->[me.leolin:ShortcutBadger:1.1.22] AndroidManifest.xml:19:5-86
63-->[me.leolin:ShortcutBadger:1.1.22] AndroidManifest.xml:19:22-83
64    <uses-permission android:name="com.sec.android.provider.badge.permission.WRITE" /> <!-- for htc -->
64-->[me.leolin:ShortcutBadger:1.1.22] AndroidManifest.xml:20:5-87
64-->[me.leolin:ShortcutBadger:1.1.22] AndroidManifest.xml:20:22-84
65    <uses-permission android:name="com.htc.launcher.permission.READ_SETTINGS" />
65-->[me.leolin:ShortcutBadger:1.1.22] AndroidManifest.xml:23:5-81
65-->[me.leolin:ShortcutBadger:1.1.22] AndroidManifest.xml:23:22-78
66    <uses-permission android:name="com.htc.launcher.permission.UPDATE_SHORTCUT" /> <!-- for sony -->
66-->[me.leolin:ShortcutBadger:1.1.22] AndroidManifest.xml:24:5-83
66-->[me.leolin:ShortcutBadger:1.1.22] AndroidManifest.xml:24:22-80
67    <uses-permission android:name="com.sonyericsson.home.permission.BROADCAST_BADGE" />
67-->[me.leolin:ShortcutBadger:1.1.22] AndroidManifest.xml:27:5-88
67-->[me.leolin:ShortcutBadger:1.1.22] AndroidManifest.xml:27:22-85
68    <uses-permission android:name="com.sonymobile.home.permission.PROVIDER_INSERT_BADGE" /> <!-- for apex -->
68-->[me.leolin:ShortcutBadger:1.1.22] AndroidManifest.xml:28:5-92
68-->[me.leolin:ShortcutBadger:1.1.22] AndroidManifest.xml:28:22-89
69    <uses-permission android:name="com.anddoes.launcher.permission.UPDATE_COUNT" /> <!-- for solid -->
69-->[me.leolin:ShortcutBadger:1.1.22] AndroidManifest.xml:31:5-84
69-->[me.leolin:ShortcutBadger:1.1.22] AndroidManifest.xml:31:22-81
70    <uses-permission android:name="com.majeur.launcher.permission.UPDATE_BADGE" /> <!-- for huawei -->
70-->[me.leolin:ShortcutBadger:1.1.22] AndroidManifest.xml:34:5-83
70-->[me.leolin:ShortcutBadger:1.1.22] AndroidManifest.xml:34:22-80
71    <uses-permission android:name="com.huawei.android.launcher.permission.CHANGE_BADGE" />
71-->[me.leolin:ShortcutBadger:1.1.22] AndroidManifest.xml:37:5-91
71-->[me.leolin:ShortcutBadger:1.1.22] AndroidManifest.xml:37:22-88
72    <uses-permission android:name="com.huawei.android.launcher.permission.READ_SETTINGS" />
72-->[me.leolin:ShortcutBadger:1.1.22] AndroidManifest.xml:38:5-92
72-->[me.leolin:ShortcutBadger:1.1.22] AndroidManifest.xml:38:22-89
73    <uses-permission android:name="com.huawei.android.launcher.permission.WRITE_SETTINGS" /> <!-- for ZUK -->
73-->[me.leolin:ShortcutBadger:1.1.22] AndroidManifest.xml:39:5-93
73-->[me.leolin:ShortcutBadger:1.1.22] AndroidManifest.xml:39:22-90
74    <uses-permission android:name="android.permission.READ_APP_BADGE" /> <!-- for OPPO -->
74-->[me.leolin:ShortcutBadger:1.1.22] AndroidManifest.xml:42:5-73
74-->[me.leolin:ShortcutBadger:1.1.22] AndroidManifest.xml:42:22-70
75    <uses-permission android:name="com.oppo.launcher.permission.READ_SETTINGS" />
75-->[me.leolin:ShortcutBadger:1.1.22] AndroidManifest.xml:45:5-82
75-->[me.leolin:ShortcutBadger:1.1.22] AndroidManifest.xml:45:22-79
76    <uses-permission android:name="com.oppo.launcher.permission.WRITE_SETTINGS" /> <!-- for EvMe -->
76-->[me.leolin:ShortcutBadger:1.1.22] AndroidManifest.xml:46:5-83
76-->[me.leolin:ShortcutBadger:1.1.22] AndroidManifest.xml:46:22-80
77    <uses-permission android:name="me.everything.badger.permission.BADGE_COUNT_READ" />
77-->[me.leolin:ShortcutBadger:1.1.22] AndroidManifest.xml:49:5-88
77-->[me.leolin:ShortcutBadger:1.1.22] AndroidManifest.xml:49:22-85
78    <uses-permission android:name="me.everything.badger.permission.BADGE_COUNT_WRITE" />
78-->[me.leolin:ShortcutBadger:1.1.22] AndroidManifest.xml:50:5-89
78-->[me.leolin:ShortcutBadger:1.1.22] AndroidManifest.xml:50:22-86
79
80    <application
80-->src\main\AndroidManifest.xml:13:5-37:19
81        android:name="com.kottenance.MainApplication"
81-->src\main\AndroidManifest.xml:14:7-38
82        android:allowBackup="false"
82-->src\main\AndroidManifest.xml:18:7-34
83        android:appComponentFactory="androidx.core.app.CoreComponentFactory"
83-->[androidx.core:core:1.7.0] AndroidManifest.xml:24:18-86
84        android:debuggable="true"
85        android:icon="@mipmap/ic_launcher"
85-->src\main\AndroidManifest.xml:16:7-41
86        android:label="@string/app_name"
86-->src\main\AndroidManifest.xml:15:7-39
87        android:roundIcon="@mipmap/ic_launcher_round"
87-->src\main\AndroidManifest.xml:17:7-52
88        android:theme="@style/AppTheme"
88-->src\main\AndroidManifest.xml:19:7-38
89        android:usesCleartextTraffic="true" >
89-->src\main\AndroidManifest.xml:20:7-42
90        <activity android:name="com.facebook.react.devsupport.DevSettingsActivity" />
90-->src\debug\AndroidManifest.xml:11:9-86
90-->src\debug\AndroidManifest.xml:11:19-83
91
92        <meta-data
92-->src\main\AndroidManifest.xml:22:7-24:64
93            android:name="com.google.android.geo.API_KEY"
93-->src\main\AndroidManifest.xml:23:7-52
94            android:value="AIzaSyCbCa9rl1dNz1oVaM5hqqUqC2AqQo8Fzo4" />
94-->src\main\AndroidManifest.xml:24:7-62
95
96        <activity
96-->src\main\AndroidManifest.xml:25:7-36:18
97            android:name="com.kottenance.MainActivity"
97-->src\main\AndroidManifest.xml:26:9-37
98            android:configChanges="keyboard|keyboardHidden|orientation|screenSize|uiMode"
98-->src\main\AndroidManifest.xml:29:9-86
99            android:exported="true"
99-->src\main\AndroidManifest.xml:27:9-32
100            android:label="@string/app_name"
100-->src\main\AndroidManifest.xml:28:9-41
101            android:launchMode="singleTask"
101-->src\main\AndroidManifest.xml:30:9-40
102            android:windowSoftInputMode="adjustResize" >
102-->src\main\AndroidManifest.xml:31:9-51
103            <intent-filter>
103-->src\main\AndroidManifest.xml:32:9-35:25
104                <action android:name="android.intent.action.MAIN" />
104-->src\main\AndroidManifest.xml:33:13-65
104-->src\main\AndroidManifest.xml:33:21-62
105
106                <category android:name="android.intent.category.LAUNCHER" />
106-->src\main\AndroidManifest.xml:34:13-73
106-->src\main\AndroidManifest.xml:34:23-70
107            </intent-filter>
108        </activity>
109
110        <provider
110-->[:notifee_react-native] AndroidManifest.xml:10:9-14:40
111            android:name="io.invertase.notifee.NotifeeInitProvider"
111-->[:notifee_react-native] AndroidManifest.xml:11:13-68
112            android:authorities="com.kottenance.staging.notifee-init-provider"
112-->[:notifee_react-native] AndroidManifest.xml:12:13-73
113            android:exported="false"
113-->[:notifee_react-native] AndroidManifest.xml:13:13-37
114            android:initOrder="-100" />
114-->[:notifee_react-native] AndroidManifest.xml:14:13-37
115
116        <service
116-->[:react-native-firebase_messaging] AndroidManifest.xml:14:9-16:40
117            android:name="io.invertase.firebase.messaging.ReactNativeFirebaseMessagingHeadlessService"
117-->[:react-native-firebase_messaging] AndroidManifest.xml:15:13-103
118            android:exported="false" />
118-->[:react-native-firebase_messaging] AndroidManifest.xml:16:13-37
119        <service
119-->[:react-native-firebase_messaging] AndroidManifest.xml:17:9-23:19
120            android:name="io.invertase.firebase.messaging.ReactNativeFirebaseMessagingService"
120-->[:react-native-firebase_messaging] AndroidManifest.xml:18:13-95
121            android:exported="false" >
121-->[:react-native-firebase_messaging] AndroidManifest.xml:19:13-37
122            <intent-filter>
122-->[:react-native-firebase_messaging] AndroidManifest.xml:20:13-22:29
123                <action android:name="com.google.firebase.MESSAGING_EVENT" />
123-->[:react-native-firebase_messaging] AndroidManifest.xml:21:17-78
123-->[:react-native-firebase_messaging] AndroidManifest.xml:21:25-75
124            </intent-filter>
125        </service>
126
127        <receiver
127-->[:react-native-firebase_messaging] AndroidManifest.xml:25:9-32:20
128            android:name="io.invertase.firebase.messaging.ReactNativeFirebaseMessagingReceiver"
128-->[:react-native-firebase_messaging] AndroidManifest.xml:26:13-96
129            android:exported="true"
129-->[:react-native-firebase_messaging] AndroidManifest.xml:27:13-36
130            android:permission="com.google.android.c2dm.permission.SEND" >
130-->[:react-native-firebase_messaging] AndroidManifest.xml:28:13-73
131            <intent-filter>
131-->[:react-native-firebase_messaging] AndroidManifest.xml:29:13-31:29
132                <action android:name="com.google.android.c2dm.intent.RECEIVE" />
132-->[:react-native-firebase_messaging] AndroidManifest.xml:30:17-81
132-->[:react-native-firebase_messaging] AndroidManifest.xml:30:25-78
133            </intent-filter>
134        </receiver>
135
136        <meta-data
136-->[:react-native-firebase_messaging] AndroidManifest.xml:34:9-36:36
137            android:name="firebase_messaging_auto_init_enabled"
137-->[:react-native-firebase_messaging] AndroidManifest.xml:35:13-64
138            android:value="true" />
138-->[:react-native-firebase_messaging] AndroidManifest.xml:36:13-33
139        <meta-data
139-->[:react-native-firebase_messaging] AndroidManifest.xml:37:9-39:32
140            android:name="com.google.firebase.messaging.default_notification_channel_id"
140-->[:react-native-firebase_messaging] AndroidManifest.xml:38:13-89
141            android:value="" />
141-->[:react-native-firebase_messaging] AndroidManifest.xml:39:13-29
142        <meta-data
142-->[:react-native-firebase_messaging] AndroidManifest.xml:40:9-42:47
143            android:name="com.google.firebase.messaging.default_notification_color"
143-->[:react-native-firebase_messaging] AndroidManifest.xml:41:13-84
144            android:resource="@color/white" />
144-->[:react-native-firebase_messaging] AndroidManifest.xml:42:13-44
145        <meta-data
145-->[:react-native-firebase_app] AndroidManifest.xml:11:9-13:36
146            android:name="app_data_collection_default_enabled"
146-->[:react-native-firebase_app] AndroidManifest.xml:12:13-63
147            android:value="true" />
147-->[:react-native-firebase_app] AndroidManifest.xml:13:13-33
148
149        <service
149-->[:react-native-firebase_app] AndroidManifest.xml:15:9-23:19
150            android:name="com.google.firebase.components.ComponentDiscoveryService"
150-->[:react-native-firebase_app] AndroidManifest.xml:16:13-84
151            android:directBootAware="true"
151-->[:react-native-firebase_app] AndroidManifest.xml:17:13-43
152            android:exported="false" >
152-->[:react-native-firebase_app] AndroidManifest.xml:18:13-37
153            <meta-data
153-->[:react-native-firebase_app] AndroidManifest.xml:20:13-22:85
154                android:name="com.google.firebase.components:io.invertase.firebase.app.ReactNativeFirebaseAppRegistrar"
154-->[:react-native-firebase_app] AndroidManifest.xml:21:17-120
155                android:value="com.google.firebase.components.ComponentRegistrar" />
155-->[:react-native-firebase_app] AndroidManifest.xml:22:17-82
156            <meta-data
156-->[com.google.firebase:firebase-messaging:23.0.6] AndroidManifest.xml:56:13-58:85
157                android:name="com.google.firebase.components:com.google.firebase.messaging.FirebaseMessagingRegistrar"
157-->[com.google.firebase:firebase-messaging:23.0.6] AndroidManifest.xml:57:17-119
158                android:value="com.google.firebase.components.ComponentRegistrar" />
158-->[com.google.firebase:firebase-messaging:23.0.6] AndroidManifest.xml:58:17-82
159            <meta-data
159-->[com.google.firebase:firebase-datatransport:18.1.5] AndroidManifest.xml:28:13-30:85
160                android:name="com.google.firebase.components:com.google.firebase.datatransport.TransportRegistrar"
160-->[com.google.firebase:firebase-datatransport:18.1.5] AndroidManifest.xml:29:17-115
161                android:value="com.google.firebase.components.ComponentRegistrar" />
161-->[com.google.firebase:firebase-datatransport:18.1.5] AndroidManifest.xml:30:17-82
162            <meta-data
162-->[com.google.firebase:firebase-installations:17.0.1] AndroidManifest.xml:18:13-20:85
163                android:name="com.google.firebase.components:com.google.firebase.installations.FirebaseInstallationsRegistrar"
163-->[com.google.firebase:firebase-installations:17.0.1] AndroidManifest.xml:19:17-127
164                android:value="com.google.firebase.components.ComponentRegistrar" />
164-->[com.google.firebase:firebase-installations:17.0.1] AndroidManifest.xml:20:17-82
165        </service>
166
167        <provider
167-->[:react-native-firebase_app] AndroidManifest.xml:25:9-29:38
168            android:name="io.invertase.firebase.app.ReactNativeFirebaseAppInitProvider"
168-->[:react-native-firebase_app] AndroidManifest.xml:26:13-88
169            android:authorities="com.kottenance.staging.reactnativefirebaseappinitprovider"
169-->[:react-native-firebase_app] AndroidManifest.xml:27:13-86
170            android:exported="false"
170-->[:react-native-firebase_app] AndroidManifest.xml:28:13-37
171            android:initOrder="99" />
171-->[:react-native-firebase_app] AndroidManifest.xml:29:13-35
172        <provider
172-->[:react-native-image-crop-picker] AndroidManifest.xml:18:9-26:20
173            android:name="com.reactnative.ivpusic.imagepicker.IvpusicImagePickerFileProvider"
173-->[:react-native-image-crop-picker] AndroidManifest.xml:19:13-94
174            android:authorities="com.kottenance.staging.provider"
174-->[:react-native-image-crop-picker] AndroidManifest.xml:20:13-60
175            android:exported="false"
175-->[:react-native-image-crop-picker] AndroidManifest.xml:21:13-37
176            android:grantUriPermissions="true" >
176-->[:react-native-image-crop-picker] AndroidManifest.xml:22:13-47
177            <meta-data
177-->[:react-native-image-crop-picker] AndroidManifest.xml:23:13-25:78
178                android:name="android.support.FILE_PROVIDER_PATHS"
178-->[:react-native-image-crop-picker] AndroidManifest.xml:24:17-67
179                android:resource="@xml/ivpusic_imagepicker_provider_paths" />
179-->[:react-native-image-crop-picker] AndroidManifest.xml:25:17-75
180        </provider>
181
182        <activity
182-->[:react-native-image-crop-picker] AndroidManifest.xml:28:9-30:72
183            android:name="com.yalantis.ucrop.UCropActivity"
183-->[:react-native-image-crop-picker] AndroidManifest.xml:29:13-60
184            android:theme="@style/Theme.AppCompat.Light.NoActionBar" />
184-->[:react-native-image-crop-picker] AndroidManifest.xml:30:13-69
185
186        <uses-library
186-->[com.giphy.sdk:ui:2.2.0] AndroidManifest.xml:13:9-15:40
187            android:name="android.test.runner"
187-->[com.giphy.sdk:ui:2.2.0] AndroidManifest.xml:14:13-47
188            android:required="false" />
188-->[com.giphy.sdk:ui:2.2.0] AndroidManifest.xml:15:13-37
189        <uses-library
189-->[com.giphy.sdk:ui:2.2.0] AndroidManifest.xml:16:9-18:40
190            android:name="android.test.base"
190-->[com.giphy.sdk:ui:2.2.0] AndroidManifest.xml:17:13-45
191            android:required="false" />
191-->[com.giphy.sdk:ui:2.2.0] AndroidManifest.xml:18:13-37
192        <uses-library
192-->[com.giphy.sdk:ui:2.2.0] AndroidManifest.xml:19:9-21:40
193            android:name="android.test.mock"
193-->[com.giphy.sdk:ui:2.2.0] AndroidManifest.xml:20:13-45
194            android:required="false" />
194-->[com.giphy.sdk:ui:2.2.0] AndroidManifest.xml:21:13-37
195
196        <provider
196-->[androidx.work:work-runtime:2.7.1] AndroidManifest.xml:31:9-39:20
197            android:name="androidx.startup.InitializationProvider"
197-->[androidx.work:work-runtime:2.7.1] AndroidManifest.xml:32:13-67
198            android:authorities="com.kottenance.staging.androidx-startup"
198-->[androidx.work:work-runtime:2.7.1] AndroidManifest.xml:33:13-68
199            android:exported="false" >
199-->[androidx.work:work-runtime:2.7.1] AndroidManifest.xml:34:13-37
200            <meta-data
200-->[androidx.work:work-runtime:2.7.1] AndroidManifest.xml:36:13-38:52
201                android:name="androidx.work.WorkManagerInitializer"
201-->[androidx.work:work-runtime:2.7.1] AndroidManifest.xml:37:17-68
202                android:value="androidx.startup" />
202-->[androidx.work:work-runtime:2.7.1] AndroidManifest.xml:38:17-49
203            <meta-data
203-->[androidx.emoji2:emoji2:1.0.0] AndroidManifest.xml:31:13-33:52
204                android:name="androidx.emoji2.text.EmojiCompatInitializer"
204-->[androidx.emoji2:emoji2:1.0.0] AndroidManifest.xml:32:17-75
205                android:value="androidx.startup" />
205-->[androidx.emoji2:emoji2:1.0.0] AndroidManifest.xml:33:17-49
206            <meta-data
206-->[androidx.lifecycle:lifecycle-process:2.4.0] AndroidManifest.xml:31:13-33:52
207                android:name="androidx.lifecycle.ProcessLifecycleInitializer"
207-->[androidx.lifecycle:lifecycle-process:2.4.0] AndroidManifest.xml:32:17-78
208                android:value="androidx.startup" />
208-->[androidx.lifecycle:lifecycle-process:2.4.0] AndroidManifest.xml:33:17-49
209        </provider>
210
211        <service
211-->[androidx.work:work-runtime:2.7.1] AndroidManifest.xml:41:9-46:35
212            android:name="androidx.work.impl.background.systemalarm.SystemAlarmService"
212-->[androidx.work:work-runtime:2.7.1] AndroidManifest.xml:42:13-88
213            android:directBootAware="false"
213-->[androidx.work:work-runtime:2.7.1] AndroidManifest.xml:43:13-44
214            android:enabled="@bool/enable_system_alarm_service_default"
214-->[androidx.work:work-runtime:2.7.1] AndroidManifest.xml:44:13-72
215            android:exported="false" />
215-->[androidx.work:work-runtime:2.7.1] AndroidManifest.xml:45:13-37
216        <service
216-->[androidx.work:work-runtime:2.7.1] AndroidManifest.xml:47:9-53:35
217            android:name="androidx.work.impl.background.systemjob.SystemJobService"
217-->[androidx.work:work-runtime:2.7.1] AndroidManifest.xml:48:13-84
218            android:directBootAware="false"
218-->[androidx.work:work-runtime:2.7.1] AndroidManifest.xml:49:13-44
219            android:enabled="@bool/enable_system_job_service_default"
219-->[androidx.work:work-runtime:2.7.1] AndroidManifest.xml:50:13-70
220            android:exported="true"
220-->[androidx.work:work-runtime:2.7.1] AndroidManifest.xml:51:13-36
221            android:permission="android.permission.BIND_JOB_SERVICE" />
221-->[androidx.work:work-runtime:2.7.1] AndroidManifest.xml:52:13-69
222        <service
222-->[androidx.work:work-runtime:2.7.1] AndroidManifest.xml:54:9-59:35
223            android:name="androidx.work.impl.foreground.SystemForegroundService"
223-->[androidx.work:work-runtime:2.7.1] AndroidManifest.xml:55:13-81
224            android:directBootAware="false"
224-->[androidx.work:work-runtime:2.7.1] AndroidManifest.xml:56:13-44
225            android:enabled="@bool/enable_system_foreground_service_default"
225-->[androidx.work:work-runtime:2.7.1] AndroidManifest.xml:57:13-77
226            android:exported="false" />
226-->[androidx.work:work-runtime:2.7.1] AndroidManifest.xml:58:13-37
227
228        <receiver
228-->[androidx.work:work-runtime:2.7.1] AndroidManifest.xml:61:9-66:35
229            android:name="androidx.work.impl.utils.ForceStopRunnable$BroadcastReceiver"
229-->[androidx.work:work-runtime:2.7.1] AndroidManifest.xml:62:13-88
230            android:directBootAware="false"
230-->[androidx.work:work-runtime:2.7.1] AndroidManifest.xml:63:13-44
231            android:enabled="true"
231-->[androidx.work:work-runtime:2.7.1] AndroidManifest.xml:64:13-35
232            android:exported="false" />
232-->[androidx.work:work-runtime:2.7.1] AndroidManifest.xml:65:13-37
233        <receiver
233-->[androidx.work:work-runtime:2.7.1] AndroidManifest.xml:67:9-77:20
234            android:name="androidx.work.impl.background.systemalarm.ConstraintProxy$BatteryChargingProxy"
234-->[androidx.work:work-runtime:2.7.1] AndroidManifest.xml:68:13-106
235            android:directBootAware="false"
235-->[androidx.work:work-runtime:2.7.1] AndroidManifest.xml:69:13-44
236            android:enabled="false"
236-->[androidx.work:work-runtime:2.7.1] AndroidManifest.xml:70:13-36
237            android:exported="false" >
237-->[androidx.work:work-runtime:2.7.1] AndroidManifest.xml:71:13-37
238            <intent-filter>
238-->[androidx.work:work-runtime:2.7.1] AndroidManifest.xml:73:13-76:29
239                <action android:name="android.intent.action.ACTION_POWER_CONNECTED" />
239-->[androidx.work:work-runtime:2.7.1] AndroidManifest.xml:74:17-87
239-->[androidx.work:work-runtime:2.7.1] AndroidManifest.xml:74:25-84
240                <action android:name="android.intent.action.ACTION_POWER_DISCONNECTED" />
240-->[androidx.work:work-runtime:2.7.1] AndroidManifest.xml:75:17-90
240-->[androidx.work:work-runtime:2.7.1] AndroidManifest.xml:75:25-87
241            </intent-filter>
242        </receiver>
243        <receiver
243-->[androidx.work:work-runtime:2.7.1] AndroidManifest.xml:78:9-88:20
244            android:name="androidx.work.impl.background.systemalarm.ConstraintProxy$BatteryNotLowProxy"
244-->[androidx.work:work-runtime:2.7.1] AndroidManifest.xml:79:13-104
245            android:directBootAware="false"
245-->[androidx.work:work-runtime:2.7.1] AndroidManifest.xml:80:13-44
246            android:enabled="false"
246-->[androidx.work:work-runtime:2.7.1] AndroidManifest.xml:81:13-36
247            android:exported="false" >
247-->[androidx.work:work-runtime:2.7.1] AndroidManifest.xml:82:13-37
248            <intent-filter>
248-->[androidx.work:work-runtime:2.7.1] AndroidManifest.xml:84:13-87:29
249                <action android:name="android.intent.action.BATTERY_OKAY" />
249-->[androidx.work:work-runtime:2.7.1] AndroidManifest.xml:85:17-77
249-->[androidx.work:work-runtime:2.7.1] AndroidManifest.xml:85:25-74
250                <action android:name="android.intent.action.BATTERY_LOW" />
250-->[androidx.work:work-runtime:2.7.1] AndroidManifest.xml:86:17-76
250-->[androidx.work:work-runtime:2.7.1] AndroidManifest.xml:86:25-73
251            </intent-filter>
252        </receiver>
253        <receiver
253-->[androidx.work:work-runtime:2.7.1] AndroidManifest.xml:89:9-99:20
254            android:name="androidx.work.impl.background.systemalarm.ConstraintProxy$StorageNotLowProxy"
254-->[androidx.work:work-runtime:2.7.1] AndroidManifest.xml:90:13-104
255            android:directBootAware="false"
255-->[androidx.work:work-runtime:2.7.1] AndroidManifest.xml:91:13-44
256            android:enabled="false"
256-->[androidx.work:work-runtime:2.7.1] AndroidManifest.xml:92:13-36
257            android:exported="false" >
257-->[androidx.work:work-runtime:2.7.1] AndroidManifest.xml:93:13-37
258            <intent-filter>
258-->[androidx.work:work-runtime:2.7.1] AndroidManifest.xml:95:13-98:29
259                <action android:name="android.intent.action.DEVICE_STORAGE_LOW" />
259-->[androidx.work:work-runtime:2.7.1] AndroidManifest.xml:96:17-83